<?xml version="1.0" encoding="UTF-8"?>
<!-- Generated by org.testng.reporters.JUnitReportReporter -->
<testsuite hostname="DESKTOP-PSRUORT" failures="0" tests="2" name="runnerFiles.PaymentRunnerTest" time="139.007" errors="0" timestamp="2022-07-19T23:21:45 WIB" skipped="0">
  <testcase classname="runnerFiles.PaymentRunnerTest" name="runScenario" time="65.711"/>
  <system-out/>
  <testcase classname="runnerFiles.PaymentRunnerTest" name="runScenario" time="73.296"/>
  <system-out/>
</testsuite> <!-- runnerFiles.PaymentRunnerTest -->
